This file contains any messages produced by compilers while
running configure, to aid debugging if configure makes a mistake.

It was created by configure, which was
generated by GNU Autoconf 2.62.  Invocation command line was

  $ ./configure --with-msgpack=/usr/local

## --------- ##
## Platform. ##
## --------- ##

hostname = nightblue.s2factory.co.jp
uname -m = amd64
uname -r = 8.0-RELEASE
uname -s = FreeBSD
uname -v = FreeBSD 8.0-RELEASE #8 r199788M: Wed Nov 25 16:46:11 JST 2009     root@nightblue.s2factory.co.jp:/usr/obj/usr/src/sys/GENERIC 

/usr/bin/uname -p = amd64
/bin/uname -X     = unknown

/bin/arch              = unknown
/usr/bin/arch -k       = unknown
/usr/convex/getsysinfo = unknown
/usr/bin/hostinfo      = unknown
/bin/machine           = unknown
/usr/bin/oslevel       = unknown
/bin/universe          = unknown

PATH: /sbin
PATH: /bin
PATH: /usr/sbin
PATH: /usr/bin
PATH: /usr/games
PATH: /usr/local/sbin
PATH: /usr/local/bin
PATH: /home/kuriyama/bin


## ----------- ##
## Core tests. ##
## ----------- ##

configure:2099: checking for a BSD-compatible install
configure:2167: result: /usr/bin/install -c
configure:2178: checking whether build environment is sane
configure:2221: result: yes
configure:2246: checking for a thread-safe mkdir -p
configure:2285: result: ac/install-sh -c -d
configure:2298: checking for gawk
configure:2328: result: no
configure:2298: checking for mawk
configure:2328: result: no
configure:2298: checking for nawk
configure:2314: found /usr/bin/nawk
configure:2325: result: nawk
configure:2336: checking whether make sets $(MAKE)
configure:2358: result: yes
configure:2566: checking for ruby
configure:2582: found /usr/local/bin/ruby
configure:2593: result: ruby
configure:2609: checking for erb
configure:2625: found /usr/local/bin/erb
configure:2636: result: erb
configure:2652: checking for ragel
configure:2682: result: no
configure:2741: checking for gcc
configure:2757: found /usr/bin/gcc
configure:2768: result: gcc
configure:3006: checking for C compiler version
configure:3014: gcc --version >&5
gcc (GCC) 4.2.1 20070719  [FreeBSD]
Copyright (C) 2007 Free Software Foundation, Inc.
This is free software; see the source for copying conditions.  There is NO
warranty; not even for MERCHANTABILITY or FITNESS FOR A PARTICULAR PURPOSE.

configure:3018: $? = 0
configure:3025: gcc -v >&5
Using built-in specs.
Target: amd64-undermydesk-freebsd
Configured with: FreeBSD/amd64 system compiler
Thread model: posix
gcc version 4.2.1 20070719  [FreeBSD]
configure:3029: $? = 0
configure:3036: gcc -V >&5
gcc: '-V' option must have argument
configure:3040: $? = 1
configure:3063: checking for C compiler default output file name
configure:3085: gcc -O4 -Wall -O4   conftest.c  >&5
configure:3089: $? = 0
configure:3127: result: a.out
configure:3144: checking whether the C compiler works
configure:3154: ./a.out
configure:3158: $? = 0
configure:3175: result: yes
configure:3182: checking whether we are cross compiling
configure:3184: result: no
configure:3187: checking for suffix of executables
configure:3194: gcc -o conftest -O4 -Wall -O4   conftest.c  >&5
configure:3198: $? = 0
configure:3222: result: 
configure:3228: checking for suffix of object files
configure:3254: gcc -c -O4 -Wall -O4  conftest.c >&5
configure:3258: $? = 0
configure:3281: result: o
configure:3285: checking whether we are using the GNU C compiler
configure:3314: gcc -c -O4 -Wall -O4  conftest.c >&5
configure:3321: $? = 0
configure:3338: result: yes
configure:3347: checking whether gcc accepts -g
configure:3377: gcc -c -g  conftest.c >&5
configure:3384: $? = 0
configure:3485: result: yes
configure:3502: checking for gcc option to accept ISO C89
configure:3576: gcc  -c -O4 -Wall -O4  conftest.c >&5
configure:3583: $? = 0
configure:3606: result: none needed
configure:3635: checking for style of include used by make
configure:3663: result: GNU
configure:3688: checking dependency style of gcc
configure:3779: result: gcc3
configure:3852: checking for g++
configure:3868: found /usr/bin/g++
configure:3879: result: g++
configure:3910: checking for C++ compiler version
configure:3918: g++ --version >&5
g++ (GCC) 4.2.1 20070719  [FreeBSD]
Copyright (C) 2007 Free Software Foundation, Inc.
This is free software; see the source for copying conditions.  There is NO
warranty; not even for MERCHANTABILITY or FITNESS FOR A PARTICULAR PURPOSE.

configure:3922: $? = 0
configure:3929: g++ -v >&5
Using built-in specs.
Target: amd64-undermydesk-freebsd
Configured with: FreeBSD/amd64 system compiler
Thread model: posix
gcc version 4.2.1 20070719  [FreeBSD]
configure:3933: $? = 0
configure:3940: g++ -V >&5
g++: '-V' option must have argument
configure:3944: $? = 1
configure:3947: checking whether we are using the GNU C++ compiler
configure:3976: g++ -c -O4 -Wall -O4  conftest.cpp >&5
configure:3983: $? = 0
configure:4000: result: yes
configure:4009: checking whether g++ accepts -g
configure:4039: g++ -c -g  conftest.cpp >&5
configure:4046: $? = 0
configure:4147: result: yes
configure:4172: checking dependency style of g++
configure:4263: result: gcc3
configure:4310: checking build system type
configure:4328: result: amd64-unknown-freebsd8.0
configure:4350: checking host system type
configure:4365: result: amd64-unknown-freebsd8.0
configure:4387: checking for a sed that does not truncate output
configure:4453: result: /usr/bin/sed
configure:4471: checking for grep that handles long lines and -e
configure:4531: result: /usr/bin/grep
configure:4536: checking for egrep
configure:4600: result: /usr/bin/grep -E
configure:4605: checking for fgrep
configure:4669: result: /usr/bin/grep -F
configure:4704: checking for ld used by gcc
configure:4771: result: /usr/bin/ld
configure:4780: checking if the linker (/usr/bin/ld) is GNU ld
configure:4795: result: yes
configure:4807: checking for BSD- or MS-compatible name lister (nm)
configure:4856: result: /usr/bin/nm -B
configure:4978: checking the name lister (/usr/bin/nm -B) interface
configure:4985: gcc -c -O4 -Wall -O4  conftest.c >&5
configure:4988: /usr/bin/nm -B "conftest.o"
configure:4991: output
0000000000000000 B some_variable
configure:4998: result: BSD nm
configure:5001: checking whether ln -s works
configure:5005: result: yes
configure:5013: checking the maximum length of command line arguments
configure:5133: result: 196608
configure:5150: checking whether the shell understands some XSI constructs
configure:5160: result: yes
configure:5164: checking whether the shell understands "+="
configure:5170: result: no
configure:5205: checking for /usr/bin/ld option to reload object files
configure:5212: result: -r
configure:5281: checking for objdump
configure:5297: found /usr/bin/objdump
configure:5308: result: objdump
configure:5344: checking how to recognize dependent libraries
configure:5540: result: pass_all
configure:5600: checking for ar
configure:5616: found /usr/bin/ar
configure:5627: result: ar
configure:5709: checking for strip
configure:5725: found /usr/bin/strip
configure:5736: result: strip
configure:5812: checking for ranlib
configure:5828: found /usr/bin/ranlib
configure:5839: result: ranlib
configure:5933: checking command to parse /usr/bin/nm -B output from gcc object
configure:6051: gcc -c -O4 -Wall -O4  conftest.c >&5
configure:6054: $? = 0
configure:6058: /usr/bin/nm -B conftest.o \| sed -n -e 's/^.*[	 ]\([ABCDGIRSTW][ABCDGIRSTW]*\)[	 ][	 ]*\([_A-Za-z][_A-Za-z0-9]*\)$/\1 \2 \2/p' \> conftest.nm
configure:6061: $? = 0
configure:6115: gcc -o conftest -O4 -Wall -O4   conftest.c conftstm.o >&5
configure:6118: $? = 0
configure:6156: result: ok
configure:7043: checking how to run the C preprocessor
configure:7083: gcc -E  conftest.c
configure:7090: $? = 0
configure:7121: gcc -E  conftest.c
conftest.c:10:28: error: ac_nonexistent.h: No such file or directory
configure:7128: $? = 1
configure: failed program was:
| /* confdefs.h.  */
| #define PACKAGE_NAME ""
| #define PACKAGE_TARNAME ""
| #define PACKAGE_VERSION ""
| #define PACKAGE_STRING ""
| #define PACKAGE_BUGREPORT ""
| #define PACKAGE "kumofs"
| #define VERSION "0.3.1"
| /* end confdefs.h.  */
| #include <ac_nonexistent.h>
configure:7161: result: gcc -E
configure:7190: gcc -E  conftest.c
configure:7197: $? = 0
configure:7228: gcc -E  conftest.c
conftest.c:10:28: error: ac_nonexistent.h: No such file or directory
configure:7235: $? = 1
configure: failed program was:
| /* confdefs.h.  */
| #define PACKAGE_NAME ""
| #define PACKAGE_TARNAME ""
| #define PACKAGE_VERSION ""
| #define PACKAGE_STRING ""
| #define PACKAGE_BUGREPORT ""
| #define PACKAGE "kumofs"
| #define VERSION "0.3.1"
| /* end confdefs.h.  */
| #include <ac_nonexistent.h>
configure:7273: checking for ANSI C header files
configure:7303: gcc -c -O4 -Wall -O4  conftest.c >&5
configure:7310: $? = 0
configure:7409: gcc -o conftest -O4 -Wall -O4   conftest.c  >&5
configure:7413: $? = 0
configure:7419: ./conftest
configure:7423: $? = 0
configure:7441: result: yes
configure:7465: checking for sys/types.h
configure:7486: gcc -c -O4 -Wall -O4  conftest.c >&5
configure:7493: $? = 0
configure:7510: result: yes
configure:7465: checking for sys/stat.h
configure:7486: gcc -c -O4 -Wall -O4  conftest.c >&5
configure:7493: $? = 0
configure:7510: result: yes
configure:7465: checking for stdlib.h
configure:7486: gcc -c -O4 -Wall -O4  conftest.c >&5
configure:7493: $? = 0
configure:7510: result: yes
configure:7465: checking for string.h
configure:7486: gcc -c -O4 -Wall -O4  conftest.c >&5
configure:7493: $? = 0
configure:7510: result: yes
configure:7465: checking for memory.h
configure:7486: gcc -c -O4 -Wall -O4  conftest.c >&5
configure:7493: $? = 0
configure:7510: result: yes
configure:7465: checking for strings.h
configure:7486: gcc -c -O4 -Wall -O4  conftest.c >&5
configure:7493: $? = 0
configure:7510: result: yes
configure:7465: checking for inttypes.h
configure:7486: gcc -c -O4 -Wall -O4  conftest.c >&5
configure:7493: $? = 0
configure:7510: result: yes
configure:7465: checking for stdint.h
configure:7486: gcc -c -O4 -Wall -O4  conftest.c >&5
configure:7493: $? = 0
configure:7510: result: yes
configure:7465: checking for unistd.h
configure:7486: gcc -c -O4 -Wall -O4  conftest.c >&5
configure:7493: $? = 0
configure:7510: result: yes
configure:7527: checking for dlfcn.h
configure:7548: gcc -c -O4 -Wall -O4  conftest.c >&5
configure:7555: $? = 0
configure:7572: result: yes
configure:7702: checking for C++ compiler version
configure:7710: g++ --version >&5
g++ (GCC) 4.2.1 20070719  [FreeBSD]
Copyright (C) 2007 Free Software Foundation, Inc.
This is free software; see the source for copying conditions.  There is NO
warranty; not even for MERCHANTABILITY or FITNESS FOR A PARTICULAR PURPOSE.

configure:7714: $? = 0
configure:7721: g++ -v >&5
Using built-in specs.
Target: amd64-undermydesk-freebsd
Configured with: FreeBSD/amd64 system compiler
Thread model: posix
gcc version 4.2.1 20070719  [FreeBSD]
configure:7725: $? = 0
configure:7732: g++ -V >&5
g++: '-V' option must have argument
configure:7736: $? = 1
configure:7739: checking whether we are using the GNU C++ compiler
configure:7792: result: yes
configure:7801: checking whether g++ accepts -g
configure:7939: result: yes
configure:7964: checking dependency style of g++
configure:8055: result: gcc3
configure:8078: checking how to run the C++ preprocessor
configure:8114: g++ -E  conftest.cpp
configure:8121: $? = 0
configure:8152: g++ -E  conftest.cpp
conftest.cpp:21:28: error: ac_nonexistent.h: No such file or directory
configure:8159: $? = 1
configure: failed program was:
| /* confdefs.h.  */
| #define PACKAGE_NAME ""
| #define PACKAGE_TARNAME ""
| #define PACKAGE_VERSION ""
| #define PACKAGE_STRING ""
| #define PACKAGE_BUGREPORT ""
| #define PACKAGE "kumofs"
| #define VERSION "0.3.1"
| #define STDC_HEADERS 1
| #define HAVE_SYS_TYPES_H 1
| #define HAVE_SYS_STAT_H 1
| #define HAVE_STDLIB_H 1
| #define HAVE_STRING_H 1
| #define HAVE_MEMORY_H 1
| #define HAVE_STRINGS_H 1
| #define HAVE_INTTYPES_H 1
| #define HAVE_STDINT_H 1
| #define HAVE_UNISTD_H 1
| #define HAVE_DLFCN_H 1
| /* end confdefs.h.  */
| #include <ac_nonexistent.h>
configure:8192: result: g++ -E
configure:8221: g++ -E  conftest.cpp
configure:8228: $? = 0
configure:8259: g++ -E  conftest.cpp
conftest.cpp:21:28: error: ac_nonexistent.h: No such file or directory
configure:8266: $? = 1
configure: failed program was:
| /* confdefs.h.  */
| #define PACKAGE_NAME ""
| #define PACKAGE_TARNAME ""
| #define PACKAGE_VERSION ""
| #define PACKAGE_STRING ""
| #define PACKAGE_BUGREPORT ""
| #define PACKAGE "kumofs"
| #define VERSION "0.3.1"
| #define STDC_HEADERS 1
| #define HAVE_SYS_TYPES_H 1
| #define HAVE_SYS_STAT_H 1
| #define HAVE_STDLIB_H 1
| #define HAVE_STRING_H 1
| #define HAVE_MEMORY_H 1
| #define HAVE_STRINGS_H 1
| #define HAVE_INTTYPES_H 1
| #define HAVE_STDINT_H 1
| #define HAVE_UNISTD_H 1
| #define HAVE_DLFCN_H 1
| /* end confdefs.h.  */
| #include <ac_nonexistent.h>
configure:8478: checking for objdir
configure:8493: result: .libs
configure:8785: checking if gcc supports -fno-rtti -fno-exceptions
configure:8803: gcc -c -O4 -Wall -O4  -fno-rtti -fno-exceptions conftest.c >&5
cc1: warning: command line option "-fno-rtti" is valid for C++/ObjC++ but not for C
configure:8807: $? = 0
configure:8820: result: no
configure:8840: checking for gcc option to produce PIC
configure:9112: result: -fPIC -DPIC
configure:9124: checking if gcc PIC flag -fPIC -DPIC works
configure:9142: gcc -c -O4 -Wall -O4  -fPIC -DPIC -DPIC conftest.c >&5
configure:9146: $? = 0
configure:9159: result: yes
configure:9183: checking if gcc static flag -static works
configure:9211: result: yes
configure:9226: checking if gcc supports -c -o file.o
configure:9247: gcc -c -O4 -Wall -O4  -o out/conftest2.o conftest.c >&5
configure:9251: $? = 0
configure:9273: result: yes
configure:9281: checking if gcc supports -c -o file.o
configure:9328: result: yes
configure:9361: checking whether the gcc linker (/usr/bin/ld) supports shared libraries
configure:10435: result: yes
configure:10472: checking whether -lc should be explicitly linked in
configure:10477: gcc -c -O4 -Wall -O4  conftest.c >&5
configure:10480: $? = 0
configure:10495: gcc -shared conftest.o  -v -Wl,-soname -Wl,conftest -o conftest 2\>\&1 \| /usr/bin/grep  -lc  \>/dev/null 2\>\&1
configure:10498: $? = 0
configure:10510: result: no
configure:10674: checking dynamic linker characteristics
configure:11357: result: freebsd8.0 ld.so
configure:11459: checking how to hardcode library paths into programs
configure:11484: result: immediate
configure:12317: checking whether stripping libraries is possible
configure:12322: result: yes
configure:12357: checking if libtool supports shared libraries
configure:12359: result: yes
configure:12362: checking whether to build shared libraries
configure:12383: result: yes
configure:12386: checking whether to build static libraries
configure:12390: result: yes
configure:12540: checking for ld used by g++
configure:12607: result: /usr/bin/ld
configure:12616: checking if the linker (/usr/bin/ld) is GNU ld
configure:12631: result: yes
configure:12686: checking whether the g++ linker (/usr/bin/ld) supports shared libraries
configure:13661: result: yes
configure:13689: g++ -c -O4 -Wall -O4  conftest.cpp >&5
configure:13692: $? = 0
configure:13874: checking for g++ option to produce PIC
configure:14191: result: -fPIC -DPIC
configure:14200: checking if g++ PIC flag -fPIC -DPIC works
configure:14218: g++ -c -O4 -Wall -O4  -fPIC -DPIC -DPIC conftest.cpp >&5
configure:14222: $? = 0
configure:14235: result: yes
configure:14256: checking if g++ static flag -static works
configure:14284: result: yes
configure:14296: checking if g++ supports -c -o file.o
configure:14317: g++ -c -O4 -Wall -O4  -o out/conftest2.o conftest.cpp >&5
configure:14321: $? = 0
configure:14343: result: yes
configure:14348: checking if g++ supports -c -o file.o
configure:14395: result: yes
configure:14425: checking whether the g++ linker (/usr/bin/ld) supports shared libraries
configure:14451: result: yes
configure:14588: checking dynamic linker characteristics
configure:15219: result: freebsd8.0 ld.so
configure:15270: checking how to hardcode library paths into programs
configure:15295: result: immediate
configure:15362: checking dependency style of gcc
configure:15453: result: gcc3
configure:15469: checking whether gcc and cc understand -c and -o together
configure:15504: gcc -c conftest.c -o conftest2.o >&5
configure:15508: $? = 0
configure:15514: gcc -c conftest.c -o conftest2.o >&5
configure:15518: $? = 0
configure:15529: cc -c conftest.c >&5
configure:15533: $? = 0
configure:15541: cc -c conftest.c -o conftest2.o >&5
configure:15545: $? = 0
configure:15551: cc -c conftest.c -o conftest2.o >&5
configure:15555: $? = 0
configure:15573: result: yes
configure:15642: checking if tcbdb is enabled
configure:15652: result: 
configure:15656: checking if tcadb is enabled
configure:15666: result: 
configure:15671: checking if tcmalloc is enabled
configure:15681: result: no
configure:15771: checking for main in -lstdc++
configure:15800: gcc -o conftest -O4 -Wall -O4 -I/usr/local/include   -L/usr/local/lib conftest.c -lstdc++   >&5
configure:15807: $? = 0
configure:15828: result: yes
configure:15841: checking for pthread_create in -lpthread
configure:15876: gcc -o conftest -O4 -Wall -O4 -I/usr/local/include   -L/usr/local/lib conftest.c -lpthread  -lstdc++  >&5
configure:15883: $? = 0
configure:15904: result: yes
configure:15921: checking for deflate in -lz
configure:15956: gcc -o conftest -O4 -Wall -O4 -I/usr/local/include   -L/usr/local/lib conftest.c -lz  -lpthread -lstdc++  >&5
configure:15963: $? = 0
configure:15984: result: yes
configure:16016: checking openssl/sha.h usability
configure:16033: gcc -c -O4 -Wall -O4 -I/usr/local/include  conftest.c >&5
configure:16040: $? = 0
configure:16054: result: yes
configure:16058: checking openssl/sha.h presence
configure:16073: gcc -E  conftest.c
configure:16080: $? = 0
configure:16094: result: yes
configure:16122: checking for openssl/sha.h
configure:16131: result: yes
configure:16150: checking for SHA1 in -lcrypto
configure:16185: gcc -o conftest -O4 -Wall -O4 -I/usr/local/include   -L/usr/local/lib conftest.c -lcrypto  -lz -lpthread -lstdc++  >&5
configure:16192: $? = 0
configure:16213: result: yes
configure:16230: checking for main in -lmsgpack
configure:16259: gcc -o conftest -O4 -Wall -O4 -I/usr/local/include   -L/usr/local/lib conftest.c -lmsgpack  -lcrypto -lz -lpthread -lstdc++  >&5
configure:16266: $? = 0
configure:16287: result: yes
configure:16304: checking for main in -lmsgpackc
configure:16333: gcc -o conftest -O4 -Wall -O4 -I/usr/local/include   -L/usr/local/lib conftest.c -lmsgpackc  -lmsgpack -lcrypto -lz -lpthread -lstdc++  >&5
configure:16340: $? = 0
configure:16361: result: yes
configure:16393: checking tchdb.h usability
configure:16410: gcc -c -O4 -Wall -O4 -I/usr/local/include  conftest.c >&5
configure:16417: $? = 0
configure:16431: result: yes
configure:16435: checking tchdb.h presence
configure:16450: gcc -E  conftest.c
conftest.c:29:19: error: tchdb.h: No such file or directory
configure:16457: $? = 1
configure: failed program was:
| /* confdefs.h.  */
| #define PACKAGE_NAME ""
| #define PACKAGE_TARNAME ""
| #define PACKAGE_VERSION ""
| #define PACKAGE_STRING ""
| #define PACKAGE_BUGREPORT ""
| #define PACKAGE "kumofs"
| #define VERSION "0.3.1"
| #define STDC_HEADERS 1
| #define HAVE_SYS_TYPES_H 1
| #define HAVE_SYS_STAT_H 1
| #define HAVE_STDLIB_H 1
| #define HAVE_STRING_H 1
| #define HAVE_MEMORY_H 1
| #define HAVE_STRINGS_H 1
| #define HAVE_INTTYPES_H 1
| #define HAVE_STDINT_H 1
| #define HAVE_UNISTD_H 1
| #define HAVE_DLFCN_H 1
| #define LT_OBJDIR ".libs/"
| #define HAVE_LIBSTDC__ 1
| #define HAVE_LIBPTHREAD 1
| #define HAVE_LIBZ 1
| #define HAVE_OPENSSL_SHA_H 1
| #define HAVE_LIBCRYPTO 1
| #define HAVE_LIBMSGPACK 1
| #define HAVE_LIBMSGPACKC 1
| /* end confdefs.h.  */
| #include <tchdb.h>
configure:16471: result: no
configure:16477: WARNING: tchdb.h: accepted by the compiler, rejected by the preprocessor!
configure:16479: WARNING: tchdb.h: proceeding with the compiler's result
configure:16499: checking for tchdb.h
configure:16508: result: yes
configure:16527: checking for tchdbget in -ltokyocabinet
configure:16562: gcc -o conftest -O4 -Wall -O4 -I/usr/local/include   -L/usr/local/lib conftest.c -ltokyocabinet  -lmsgpackc -lmsgpack -lcrypto -lz -lpthread -lstdc++  >&5
configure:16569: $? = 0
configure:16590: result: yes
configure:16607: checking storage type
configure:16609: result: tchdb
configure:16815: checking if debug option is enabled
configure:16829: result: 
configure:16833: checking if trace message is enabled
configure:16847: result: 
configure:17018: creating ./config.status

## ---------------------- ##
## Running config.status. ##
## ---------------------- ##

This file was extended by config.status, which was
generated by GNU Autoconf 2.62.  Invocation command line was

  CONFIG_FILES    = 
  CONFIG_HEADERS  = 
  CONFIG_LINKS    = 
  CONFIG_COMMANDS = 
  $ ./config.status 

on nightblue.s2factory.co.jp

config.status:1077: creating src/mp/Makefile
config.status:1077: creating src/mpsrc/Makefile
config.status:1077: creating src/gate/Makefile
config.status:1077: creating src/storage/Makefile
config.status:1077: creating src/log/Makefile
config.status:1077: creating src/kazuhiki/Makefile
config.status:1077: creating src/rpc/Makefile
config.status:1077: creating src/logic/manager/Makefile
config.status:1077: creating src/logic/server/Makefile
config.status:1077: creating src/logic/gateway/Makefile
config.status:1077: creating src/logic/Makefile
config.status:1077: creating src/command/Makefile
config.status:1077: creating src/Makefile
config.status:1077: creating Makefile
config.status:1077: creating config.h
config.status:1351: executing depfiles commands
config.status:1351: executing libtool commands

## ---------------- ##
## Cache variables. ##
## ---------------- ##

ac_cv_build=amd64-unknown-freebsd8.0
ac_cv_c_compiler_gnu=yes
ac_cv_cxx_compiler_gnu=yes
ac_cv_env_CCASFLAGS_set=''
ac_cv_env_CCASFLAGS_value=''
ac_cv_env_CCAS_set=''
ac_cv_env_CCAS_value=''
ac_cv_env_CCC_set=''
ac_cv_env_CCC_value=''
ac_cv_env_CC_set=''
ac_cv_env_CC_value=''
ac_cv_env_CFLAGS_set=''
ac_cv_env_CFLAGS_value=''
ac_cv_env_CPPFLAGS_set=''
ac_cv_env_CPPFLAGS_value=''
ac_cv_env_CPP_set=''
ac_cv_env_CPP_value=''
ac_cv_env_CXXCPP_set=''
ac_cv_env_CXXCPP_value=''
ac_cv_env_CXXFLAGS_set=''
ac_cv_env_CXXFLAGS_value=''
ac_cv_env_CXX_set=''
ac_cv_env_CXX_value=''
ac_cv_env_LDFLAGS_set=''
ac_cv_env_LDFLAGS_value=''
ac_cv_env_LIBS_set=''
ac_cv_env_LIBS_value=''
ac_cv_env_build_alias_set=''
ac_cv_env_build_alias_value=''
ac_cv_env_host_alias_set=''
ac_cv_env_host_alias_value=''
ac_cv_env_target_alias_set=''
ac_cv_env_target_alias_value=''
ac_cv_header_dlfcn_h=yes
ac_cv_header_inttypes_h=yes
ac_cv_header_memory_h=yes
ac_cv_header_openssl_sha_h=yes
ac_cv_header_stdc=yes
ac_cv_header_stdint_h=yes
ac_cv_header_stdlib_h=yes
ac_cv_header_string_h=yes
ac_cv_header_strings_h=yes
ac_cv_header_sys_stat_h=yes
ac_cv_header_sys_types_h=yes
ac_cv_header_tchdb_h=yes
ac_cv_header_unistd_h=yes
ac_cv_host=amd64-unknown-freebsd8.0
ac_cv_lib_crypto_SHA1=yes
ac_cv_lib_msgpack_main=yes
ac_cv_lib_msgpackc_main=yes
ac_cv_lib_pthread_pthread_create=yes
ac_cv_lib_stdcpp_main=yes
ac_cv_lib_tokyocabinet_tchdbget=yes
ac_cv_lib_z_deflate=yes
ac_cv_objext=o
ac_cv_path_EGREP='/usr/bin/grep -E'
ac_cv_path_FGREP='/usr/bin/grep -F'
ac_cv_path_GREP=/usr/bin/grep
ac_cv_path_SED=/usr/bin/sed
ac_cv_path_install='/usr/bin/install -c'
ac_cv_prog_AWK=nawk
ac_cv_prog_CPP='gcc -E'
ac_cv_prog_CXXCPP='g++ -E'
ac_cv_prog_ERB=erb
ac_cv_prog_RUBY=ruby
ac_cv_prog_ac_ct_AR=ar
ac_cv_prog_ac_ct_CC=gcc
ac_cv_prog_ac_ct_CXX=g++
ac_cv_prog_ac_ct_OBJDUMP=objdump
ac_cv_prog_ac_ct_RANLIB=ranlib
ac_cv_prog_ac_ct_STRIP=strip
ac_cv_prog_cc_c89=''
ac_cv_prog_cc_g=yes
ac_cv_prog_cc_gcc_c_o=yes
ac_cv_prog_cxx_g=yes
ac_cv_prog_make_make_set=yes
am_cv_CCAS_dependencies_compiler_type=gcc3
am_cv_CC_dependencies_compiler_type=gcc3
am_cv_CXX_dependencies_compiler_type=gcc3
lt_cv_deplibs_check_method=pass_all
lt_cv_file_magic_cmd='$MAGIC_CMD'
lt_cv_file_magic_test_file=''
lt_cv_ld_reload_flag=-r
lt_cv_nm_interface='BSD nm'
lt_cv_objdir=.libs
lt_cv_path_LD=/usr/bin/ld
lt_cv_path_LDCXX=/usr/bin/ld
lt_cv_path_NM='/usr/bin/nm -B'
lt_cv_prog_compiler_c_o=yes
lt_cv_prog_compiler_c_o_CXX=yes
lt_cv_prog_compiler_pic_works=yes
lt_cv_prog_compiler_pic_works_CXX=yes
lt_cv_prog_compiler_rtti_exceptions=no
lt_cv_prog_compiler_static_works=yes
lt_cv_prog_compiler_static_works_CXX=yes
lt_cv_prog_gnu_ld=yes
lt_cv_prog_gnu_ldcxx=yes
lt_cv_sys_global_symbol_pipe='sed -n -e '\''s/^.*[	 ]\([ABCDGIRSTW][ABCDGIRSTW]*\)[	 ][	 ]*\([_A-Za-z][_A-Za-z0-9]*\)$/\1 \2 \2/p'\'
lt_cv_sys_global_symbol_to_c_name_address='sed -n -e '\''s/^: \([^ ]*\) $/  {\"\1\", (void *) 0},/p'\'' -e '\''s/^[ABCDGIRSTW]* \([^ ]*\) \([^ ]*\)$/  {"\2", (void *) \&\2},/p'\'
lt_cv_sys_global_symbol_to_c_name_address_lib_prefix='sed -n -e '\''s/^: \([^ ]*\) $/  {\"\1\", (void *) 0},/p'\'' -e '\''s/^[ABCDGIRSTW]* \([^ ]*\) \(lib[^ ]*\)$/  {"\2", (void *) \&\2},/p'\'' -e '\''s/^[ABCDGIRSTW]* \([^ ]*\) \([^ ]*\)$/  {"lib\2", (void *) \&\2},/p'\'
lt_cv_sys_global_symbol_to_cdecl='sed -n -e '\''s/^T .* \(.*\)$/extern int \1();/p'\'' -e '\''s/^[ABCDGIRSTW]* .* \(.*\)$/extern char \1;/p'\'
lt_cv_sys_max_cmd_len=196608

## ----------------- ##
## Output variables. ##
## ----------------- ##

ACLOCAL='${SHELL} /home/kuriyama/z/git/kuriyama-kumofs/ac/missing --run aclocal-1.10'
AMDEPBACKSLASH='\'
AMDEP_FALSE='#'
AMDEP_TRUE=''
AMTAR='${SHELL} /home/kuriyama/z/git/kuriyama-kumofs/ac/missing --run tar'
AR='ar'
AUTOCONF='${SHELL} /home/kuriyama/z/git/kuriyama-kumofs/ac/missing --run autoconf'
AUTOHEADER='${SHELL} /home/kuriyama/z/git/kuriyama-kumofs/ac/missing --run autoheader'
AUTOMAKE='${SHELL} /home/kuriyama/z/git/kuriyama-kumofs/ac/missing --run automake-1.10'
AWK='nawk'
CC='gcc'
CCAS='gcc'
CCASDEPMODE='depmode=gcc3'
CCASFLAGS='-O4 -Wall -O4'
CCDEPMODE='depmode=gcc3'
CFLAGS='-O4 -Wall -O4 -I/usr/local/include -DUSE_TOKYOCABINET -g -DMLOGGER_LEVEL=2'
CPP='gcc -E'
CPPFLAGS=''
CXX='g++'
CXXCPP='g++ -E'
CXXDEPMODE='depmode=gcc3'
CXXFLAGS='-O4 -Wall -O4 -I/usr/local/include -DUSE_TOKYOCABINET -g -DMLOGGER_LEVEL=2'
CYGPATH_W='echo'
DEFS='-DHAVE_CONFIG_H'
DEPDIR='.deps'
DSYMUTIL=''
DUMPBIN=''
ECHO_C=''
ECHO_N='-n'
ECHO_T=''
EGREP='/usr/bin/grep -E'
ERB='erb'
EXEEXT=''
FGREP='/usr/bin/grep -F'
GREP='/usr/bin/grep'
INSTALL_DATA='${INSTALL} -m 644'
INSTALL_PROGRAM='${INSTALL}'
INSTALL_SCRIPT='${INSTALL}'
INSTALL_STRIP_PROGRAM='$(install_sh) -c -s'
LD='/usr/bin/ld'
LDFLAGS=' -L/usr/local/lib'
LIBOBJS=''
LIBS='-ltokyocabinet -lmsgpackc -lmsgpack -lcrypto -lz -lpthread -lstdc++ '
LIBTOOL='$(SHELL) $(top_builddir)/libtool'
LIPO=''
LN_S='ln -s'
LTLIBOBJS=''
MAKEINFO='${SHELL} /home/kuriyama/z/git/kuriyama-kumofs/ac/missing --run makeinfo'
MKDIR_P='ac/install-sh -c -d'
NM='/usr/bin/nm -B'
NMEDIT=''
OBJDUMP='objdump'
OBJEXT='o'
OTOOL64=''
OTOOL=''
PACKAGE='kumofs'
PACKAGE_BUGREPORT=''
PACKAGE_NAME=''
PACKAGE_STRING=''
PACKAGE_TARNAME=''
PACKAGE_VERSION=''
PATH_SEPARATOR=':'
RAGEL='ragel'
RANLIB='ranlib'
RUBY='ruby'
SED='/usr/bin/sed'
SET_MAKE=''
SHELL='/bin/sh'
STORAGE_LUXIO_FALSE=''
STORAGE_LUXIO_TRUE='#'
STORAGE_TCADB_FALSE=''
STORAGE_TCADB_TRUE='#'
STORAGE_TCBDB_FALSE=''
STORAGE_TCBDB_TRUE='#'
STORAGE_TCHDB_FALSE='#'
STORAGE_TCHDB_TRUE=''
STRIP='strip'
VERSION='0.3.1'
ac_ct_CC='gcc'
ac_ct_CXX='g++'
ac_ct_DUMPBIN=''
am__fastdepCCAS_FALSE='#'
am__fastdepCCAS_TRUE=''
am__fastdepCC_FALSE='#'
am__fastdepCC_TRUE=''
am__fastdepCXX_FALSE='#'
am__fastdepCXX_TRUE=''
am__include='include'
am__isrc=''
am__leading_dot='.'
am__quote=''
am__tar='${AMTAR} chof - "$$tardir"'
am__untar='${AMTAR} xf -'
bindir='${exec_prefix}/bin'
build='amd64-unknown-freebsd8.0'
build_alias=''
build_cpu='amd64'
build_os='freebsd8.0'
build_vendor='unknown'
datadir='${datarootdir}'
datarootdir='${prefix}/share'
docdir='${datarootdir}/doc/${PACKAGE}'
dvidir='${docdir}'
exec_prefix='${prefix}'
host='amd64-unknown-freebsd8.0'
host_alias=''
host_cpu='amd64'
host_os='freebsd8.0'
host_vendor='unknown'
htmldir='${docdir}'
includedir='${prefix}/include'
infodir='${datarootdir}/info'
install_sh='$(SHELL) /home/kuriyama/z/git/kuriyama-kumofs/ac/install-sh'
libdir='${exec_prefix}/lib'
libexecdir='${exec_prefix}/libexec'
localedir='${datarootdir}/locale'
localstatedir='${prefix}/var'
lt_ECHO='echo'
mandir='${datarootdir}/man'
mkdir_p='$(top_builddir)/ac/install-sh -c -d'
oldincludedir='/usr/include'
pdfdir='${docdir}'
prefix='/usr/local'
program_transform_name='s,x,x,'
psdir='${docdir}'
sbindir='${exec_prefix}/sbin'
sharedstatedir='${prefix}/com'
sysconfdir='${prefix}/etc'
target_alias=''

## ----------- ##
## confdefs.h. ##
## ----------- ##

#define PACKAGE_NAME ""
#define PACKAGE_TARNAME ""
#define PACKAGE_VERSION ""
#define PACKAGE_STRING ""
#define PACKAGE_BUGREPORT ""
#define PACKAGE "kumofs"
#define VERSION "0.3.1"
#define STDC_HEADERS 1
#define HAVE_SYS_TYPES_H 1
#define HAVE_SYS_STAT_H 1
#define HAVE_STDLIB_H 1
#define HAVE_STRING_H 1
#define HAVE_MEMORY_H 1
#define HAVE_STRINGS_H 1
#define HAVE_INTTYPES_H 1
#define HAVE_STDINT_H 1
#define HAVE_UNISTD_H 1
#define HAVE_DLFCN_H 1
#define LT_OBJDIR ".libs/"
#define HAVE_LIBSTDC__ 1
#define HAVE_LIBPTHREAD 1
#define HAVE_LIBZ 1
#define HAVE_OPENSSL_SHA_H 1
#define HAVE_LIBCRYPTO 1
#define HAVE_LIBMSGPACK 1
#define HAVE_LIBMSGPACKC 1
#define HAVE_TCHDB_H 1
#define HAVE_LIBTOKYOCABINET 1

configure: exit 0
